OK activity-diagrams-01
OK activity-diagrams-02
OK activity-diagrams-03
OK activity-diagrams-04
OK activity-diagrams-05
OK activity-diagrams-06
OK activity-diagrams-07
OK activity-diagrams-08
OK activity-diagrams-09
OK activity-diagrams-10
OK activity-diagrams-11
OK activity-diagrams-12
OK activity-diagrams-13
OK class-diagram-01
OK code-flow-01
OK code-flow-02
OK code-flow-03
OK code-flow-04
FAIL code-flow-05
Error: Parse error on line 12:
Parser.parseError (https://mermaid-cli-intercept.invalid/C:/Users/Ho%20Hoang%20Luan/AppData/Local/npm-cache/_npx/668c188756b835f3/node_modules/mermaid/dist/chunks/mermaid.esm/sequenceDiagram-37ID66UD.mjs:409:21)
OK code-flow-06
OK code-flow-07
OK code-flow-08
OK code-flow-09
OK code-flow-10
OK code-flow-11
OK code-flow-12
FAIL code-flow-13
Error: Lexical error on line 6. Unrecognized text.
Parser.parseError (https://mermaid-cli-intercept.invalid/C:/Users/Ho%20Hoang%20Luan/AppData/Local/npm-cache/_npx/668c188756b835f3/node_modules/mermaid/dist/chunks/mermaid.esm/flowDiagram-3HAHYXQ6.mjs:1452:21)
OK code-flow-14
OK code-flow-15
OK data-flow-diagram-01
OK data-flow-diagram-02
OK data-flow-diagram-03
OK data-flow-diagram-04
OK data-flow-diagram-05
OK data-flow-diagram-06
FAIL deployment-architecture-01
Error: Parse error on line 2:
Parser.parseError (https://mermaid-cli-intercept.invalid/C:/Users/Ho%20Hoang%20Luan/AppData/Local/npm-cache/_npx/668c188756b835f3/node_modules/mermaid/dist/chunks/mermaid.esm/flowDiagram-3HAHYXQ6.mjs:1452:21)
OK how-it-works-01
OK sequence-diagrams-01
OK sequence-diagrams-02
OK sequence-diagrams-03
OK sequence-diagrams-04
OK use-cases-01
OK use-cases-02
OK use-cases-03
OK use-cases-04
OK use-cases-05
OK use-cases-06
OK use-cases-07
OK use-cases-08
OK use-cases-09
OK use-cases-10
OK use-cases-11
BATCH DONE
